# JRE version: OpenJDK Runtime Environment (15.0.1+9) (build 15.0.1+9-18)
# Java VM: OpenJDK 64-Bit Server VM (15.0.1+9-18, mixed mode, tiered, compressed oops, g1 gc, windows-amd64)
GC Precious Log:
 CPUs: 8 total, 8 available
 Memory: 8108M
 Large Page Support: Disabled
 NUMA Support: Disabled
 Compressed Oops: Enabled (32-bit)
 Heap Region Size: 1M
 Heap Min Capacity: 8M
 Heap Initial Capacity: 128M
 Heap Max Capacity: 2028M
 Pre-touch: Disabled
 Parallel Workers: 8
 Concurrent Workers: 2
 Concurrent Refinement Workers: 8
 Periodic GC: Disabled
Heap:
 garbage-first heap   total 77824K, used 47448K [0x0000000081400000, 0x0000000100000000)
  region size 1024K, 16 young (16384K), 3 survivors (3072K)
 Metaspace       used 73003K, capacity 73733K, committed 73856K, reserved 1114112K
  class space    used 9526K, capacity 9783K, committed 9856K, reserved 1048576K
GC Heap History (20 events):
Event: 19.798 GC heap before
{Heap before GC invocations=24 (full 0):
 garbage-first heap   total 49152K, used 38888K [0x0000000081400000, 0x0000000100000000)
  region size 1024K, 19 young (19456K), 2 survivors (2048K)
 Metaspace       used 50426K, capacity 51061K, committed 51200K, reserved 1093632K
  class space    used 6409K, capacity 6625K, committed 6656K, reserved 1048576K
}
Event: 19.808 GC heap after
{Heap after GC invocations=25 (full 0):
 garbage-first heap   total 49152K, used 23005K [0x0000000081400000, 0x0000000100000000)
  region size 1024K, 3 young (3072K), 3 survivors (3072K)
 Metaspace       used 50426K, capacity 51061K, committed 51200K, reserved 1093632K
  class space    used 6409K, capacity 6625K, committed 6656K, reserved 1048576K
}
Event: 20.062 GC heap before
{Heap before GC invocations=25 (full 0):
 garbage-first heap   total 49152K, used 37341K [0x0000000081400000, 0x0000000100000000)
  region size 1024K, 18 young (18432K), 3 survivors (3072K)
 Metaspace       used 51173K, capacity 51704K, committed 51840K, reserved 1093632K
  class space    used 6493K, capacity 6690K, committed 6784K, reserved 1048576K
}
Event: 20.070 GC heap after
{Heap after GC invocations=26 (full 0):
 garbage-first heap   total 49152K, used 24278K [0x0000000081400000, 0x0000000100000000)
  region size 1024K, 3 young (3072K), 3 survivors (3072K)
 Metaspace       used 51173K, capacity 51704K, committed 51840K, reserved 1093632K
  class space    used 6493K, capacity 6690K, committed 6784K, reserved 1048576K
}
Event: 20.257 GC heap before
{Heap before GC invocations=26 (full 0):
 garbage-first heap   total 49152K, used 38614K [0x0000000081400000, 0x0000000100000000)
  region size 1024K, 17 young (17408K), 3 survivors (3072K)
 Metaspace       used 51989K, capacity 52548K, committed 52736K, reserved 1095680K
  class space    used 6607K, capacity 6820K, committed 6912K, reserved 1048576K
}
Event: 20.263 GC heap after
{Heap after GC invocations=27 (full 0):
 garbage-first heap   total 49152K, used 25328K [0x0000000081400000, 0x0000000100000000)
  region size 1024K, 3 young (3072K), 3 survivors (3072K)
 Metaspace       used 51989K, capacity 52548K, committed 52736K, reserved 1095680K
  class space    used 6607K, capacity 6820K, committed 6912K, reserved 1048576K
}
Event: 20.871 GC heap before
{Heap before GC invocations=28 (full 0):
 garbage-first heap   total 53248K, used 36592K [0x0000000081400000, 0x0000000100000000)
  region size 1024K, 15 young (15360K), 3 survivors (3072K)
 Metaspace       used 53847K, capacity 54375K, committed 54528K, reserved 1097728K
  class space    used 6862K, capacity 7045K, committed 7168K, reserved 1048576K
}
Event: 20.877 GC heap after
{Heap after GC invocations=29 (full 0):
 garbage-first heap   total 64512K, used 26264K [0x0000000081400000, 0x0000000100000000)
  region size 1024K, 1 young (1024K), 1 survivors (1024K)
 Metaspace       used 53847K, capacity 54375K, committed 54528K, reserved 1097728K
  class space    used 6862K, capacity 7045K, committed 7168K, reserved 1048576K
}
Event: 23.186 GC heap before
{Heap before GC invocations=29 (full 0):
 garbage-first heap   total 64512K, used 50840K [0x0000000081400000, 0x0000000100000000)
  region size 1024K, 26 young (26624K), 1 survivors (1024K)
 Metaspace       used 59144K, capacity 59703K, committed 59904K, reserved 1101824K
  class space    used 7695K, capacity 7921K, committed 7936K, reserved 1048576K
}
Event: 23.193 GC heap after
{Heap after GC invocations=30 (full 0):
 garbage-first heap   total 64512K, used 27249K [0x0000000081400000, 0x0000000100000000)
  region size 1024K, 2 young (2048K), 2 survivors (2048K)
 Metaspace       used 59144K, capacity 59703K, committed 59904K, reserved 1101824K
  class space    used 7695K, capacity 7921K, committed 7936K, reserved 1048576K
}
Event: 24.631 GC heap before
{Heap before GC invocations=30 (full 0):
 garbage-first heap   total 64512K, used 51825K [0x0000000081400000, 0x0000000100000000)
  region size 1024K, 26 young (26624K), 2 survivors (2048K)
 Metaspace       used 61948K, capacity 62476K, committed 62592K, reserved 1103872K
  class space    used 8057K, capacity 8246K, committed 8320K, reserved 1048576K
}
Event: 24.643 GC heap after
{Heap after GC invocations=31 (full 0):
 garbage-first heap   total 64512K, used 29035K [0x0000000081400000, 0x0000000100000000)
  region size 1024K, 4 young (4096K), 4 survivors (4096K)
 Metaspace       used 61948K, capacity 62476K, committed 62592K, reserved 1103872K
  class space    used 8057K, capacity 8246K, committed 8320K, reserved 1048576K
}
Event: 25.566 GC heap before
{Heap before GC invocations=31 (full 0):
 garbage-first heap   total 64512K, used 51563K [0x0000000081400000, 0x0000000100000000)
  region size 1024K, 26 young (26624K), 4 survivors (4096K)
 Metaspace       used 63358K, capacity 63996K, committed 64128K, reserved 1105920K
  class space    used 8235K, capacity 8449K, committed 8576K, reserved 1048576K
}
Event: 25.580 GC heap after
{Heap after GC invocations=32 (full 0):
 garbage-first heap   total 64512K, used 30365K [0x0000000081400000, 0x0000000100000000)
  region size 1024K, 4 young (4096K), 4 survivors (4096K)
 Metaspace       used 63358K, capacity 63996K, committed 64128K, reserved 1105920K
  class space    used 8235K, capacity 8449K, committed 8576K, reserved 1048576K
}
Event: 26.835 GC heap before
{Heap before GC invocations=32 (full 0):
 garbage-first heap   total 64512K, used 51869K [0x0000000081400000, 0x0000000100000000)
  region size 1024K, 25 young (25600K), 4 survivors (4096K)
 Metaspace       used 65667K, capacity 66293K, committed 66432K, reserved 1107968K
  class space    used 8570K, capacity 8786K, committed 8832K, reserved 1048576K
}
Event: 26.850 GC heap after
{Heap after GC invocations=33 (full 0):
 garbage-first heap   total 64512K, used 32581K [0x0000000081400000, 0x0000000100000000)
  region size 1024K, 4 young (4096K), 4 survivors (4096K)
 Metaspace       used 65667K, capacity 66293K, committed 66432K, reserved 1107968K
  class space    used 8570K, capacity 8786K, committed 8832K, reserved 1048576K
}
Event: 28.211 GC heap before
{Heap before GC invocations=33 (full 0):
 garbage-first heap   total 64512K, used 52037K [0x0000000081400000, 0x0000000100000000)
  region size 1024K, 23 young (23552K), 4 survivors (4096K)
 Metaspace       used 68278K, capacity 68997K, committed 69120K, reserved 1110016K
  class space    used 8948K, capacity 9214K, committed 9216K, reserved 1048576K
}
Event: 28.224 GC heap after
{Heap after GC invocations=34 (full 0):
 garbage-first heap   total 77824K, used 33804K [0x0000000081400000, 0x0000000100000000)
  region size 1024K, 2 young (2048K), 2 survivors (2048K)
 Metaspace       used 68278K, capacity 68997K, committed 69120K, reserved 1110016K
  class space    used 8948K, capacity 9214K, committed 9216K, reserved 1048576K
}
Event: 123.855 GC heap before
{Heap before GC invocations=35 (full 0):
 garbage-first heap   total 77824K, used 61452K [0x0000000081400000, 0x0000000100000000)
  region size 1024K, 30 young (30720K), 2 survivors (2048K)
 Metaspace       used 72829K, capacity 73612K, committed 73856K, reserved 1114112K
  class space    used 9493K, capacity 9768K, committed 9856K, reserved 1048576K
}
Event: 123.867 GC heap after
{Heap after GC invocations=36 (full 0):
 garbage-first heap   total 77824K, used 35160K [0x0000000081400000, 0x0000000100000000)
  region size 1024K, 3 young (3072K), 3 survivors (3072K)
 Metaspace       used 72829K, capacity 73612K, committed 73856K, reserved 1114112K
  class space    used 9493K, capacity 9768K, committed 9856K, reserved 1048576K
}

